>> :barjavel.freenode.net 352 peat #irssi ~Pie patter.me.uk calvino.freenode.net Miles H :0 Cake
>> :barjavel.freenode.net 352 peat #irssi jake irc.turha.org leguin.freenode.net tmr H :0 Jarkko Mäntylä
>> :barjavel.freenode.net 352 peat #irssi ~maescool pdpc/supporter/active/maescool hitchcock.freenode.net Maescool H :0 Maescool
>> :barjavel.freenode.net 352 peat #irssi r0b pool-173-48-32-214.bstnma.fios.verizon.net kornbluth.freenode.net Azulez H :0 Izikael Helwrait
>> :barjavel.freenode.net 352 peat #irssi Pieter fayntic/staff/Death4Life holmes.freenode.net Death4Life G :0 Pieter
>> :barjavel.freenode.net 352 peat #irssi ~711 145.68.190.90.dyn.estpak.ee holmes.freenode.net S711 H :0 Peter Pan
>> :barjavel.freenode.net 352 peat #irssi ~Kas unaffiliated/kaskae zelazny.freenode.net kaskae H :0 = Kaskae
>> :barjavel.freenode.net 352 peat #irssi ~Willy 2001:41d0:1:5f39::2 leguin.freenode.net WillyKaze H :0 Willy
>> :barjavel.freenode.net 352 peat #irssi tristan 2001:1868:a00a::4 leguin.freenode.net tris G :0 meat popsicle
>> :barjavel.freenode.net 352 peat #irssi znc unaffiliated/khmerboy lindbohm.freenode.net khmerboy H :0 khmerboy
>> :barjavel.freenode.net 352 peat #irssi ~asakura gateway/tor-sasl/asakura asimov.freenode.net asakura H :0 asakura
>> :barjavel.freenode.net 352 peat #irssi ~sdx23 unaffiliated/sdx23 gibson.freenode.net sdx23 G :0 23
>> :barjavel.freenode.net 352 peat #irssi ~0 unaffiliated/tharkun hubbard.freenode.net tharkun H :0 0
>> :barjavel.freenode.net 352 peat #irssi ~rusak deer.feralhosting.com calvino.freenode.net rusak_ H :0 rusak
>> :barjavel.freenode.net 352 peat #irssi ~daniel h-168-119.a192.priv.bahnhof.se cameron.freenode.net kh31d4r_ H :0 Daniel
>> :barjavel.freenode.net 352 peat #irssi ~flo tesla.chaoflow.net gibson.freenode.net chaoflow G :0 Florian Friesdorf
>> :barjavel.freenode.net 352 peat #irssi dukat shell.chaostreff-dortmund.de zelazny.freenode.net der-onke1 G :0 Gul Dukat
>> :barjavel.freenode.net 352 peat #irssi ~ewanm89 unaffiliated/ewanm89 pratchett.freenode.net Cap_J_L_Picard H :0 Ewan Marshall
>> :barjavel.freenode.net 352 peat #irssi ~unicum unaffiliated/unicum niven.freenode.net unicum_ G :0 unicum
>> :barjavel.freenode.net 352 peat #irssi ~veemon unaffiliated/veemon adams.freenode.net veemon H :0 veemon
>> :barjavel.freenode.net 352 peat #irssi ~Paranoid_ unaffiliated/paranoid-pole/x-3893527 holmes.freenode.net Paranoid_Pole G :0  
>> :barjavel.freenode.net 352 peat #irssi ~jpt adsl-065-007-179-247.sip.bct.bellsouth.net wolfe.freenode.net sot H :0 John Toohey
>> :barjavel.freenode.net 352 peat #irssi ~sophie neo.theblob.org moorcock.freenode.net Sophira G :0 Sophie
>> :barjavel.freenode.net 352 peat #irssi abuse c-98-249-224-255.hsd1.fl.comcast.net leguin.freenode.net workbensh G :0 Dngor's generic bot workbench.
>> :barjavel.freenode.net 352 peat #irssi Kays unaffiliated/kays calvino.freenode.net Kays H :0 Kays
>> :barjavel.freenode.net 352 peat #irssi ~mingdao unaffiliated/mingdao calvino.freenode.net mingdao H :0 Unknown
>> :barjavel.freenode.net 352 peat #irssi septicore gateway/shell/xzibition.com/x-ceuvqexjqtesybnu zelazny.freenode.net oohnoitz H :0 ...
>> :barjavel.freenode.net 352 peat #irssi el_seano reaver.cat.pdx.edu hitchcock.freenode.net el_seano G :0 "It's Espanol for 'The Sean'"
>> :barjavel.freenode.net 352 peat #irssi bburhans freenode/staff/bburhans card.freenode.net bburhans G :0 bburhans
>> :barjavel.freenode.net 352 peat #irssi ~em unaffiliated/emma hitchcock.freenode.net em H :0 Em
>> :barjavel.freenode.net 352 peat #irssi dirm about/csharp/regular/dirm leguin.freenode.net Dirm H :0 dirm
>> :barjavel.freenode.net 352 peat #irssi ~desi unaffiliated/desikittehgh/x-1509123 hitchcock.freenode.net desikitteh{G}{H} G :0 fluffy kitteh-dragon-thing
>> :barjavel.freenode.net 352 peat #irssi ~mincer unaffiliated/mincer kornbluth.freenode.net MinceR G :0 .: Mincer Lightbringer :.
>> :barjavel.freenode.net 352 peat #irssi ~dan cpe-72-230-72-76.twcny.res.rr.com niven.freenode.net ninedotnine H :0 dan
>> :barjavel.freenode.net 352 peat #irssi ~mauke p3m/member/mauke gibson.freenode.net mauke H :0 ω̈
>> :barjavel.freenode.net 352 peat #irssi ~irc unaffiliated/ikonia gibson.freenode.net ikonia G :0 Matt Darcy
>> :barjavel.freenode.net 352 peat #irssi ~irssi phobos.x-zen.cx lindbohm.freenode.net jackyyll H :0 Marc
>> :barjavel.freenode.net 352 peat #irssi ~richih freenode/staff/richih niven.freenode.net RichiH G :0 Richard Hartmann
>> :barjavel.freenode.net 352 peat #irssi ~Chotaz unaffiliated/chotaz moorcock.freenode.net CurrentlyCurrent H :0 Diogo Chotaz
>> :barjavel.freenode.net 352 peat #irssi ~brownout wikimedia/brownout hubbard.freenode.net Brownout G :0 Brownout (PGP key: 0x06709C59)
>> :barjavel.freenode.net 352 peat #irssi ~tor pdpc/supporter/professional/conntrack asimov.freenode.net conntrack G :0 Unknown
>> :barjavel.freenode.net 352 peat #irssi ~MissionCr unaffiliated/missioncritical holmes.freenode.net MissionCritical H :0 Mission Critical
>> :barjavel.freenode.net 352 peat #irssi ~peper gentoo/developer/peper verne.freenode.net peper H :0 Piotr Jaroszynski
>> :barjavel.freenode.net 352 peat #irssi ~jtrucks freenode/staff/lopsa.board.jtrucks kornbluth.freenode.net jtrucks H :0 Jesse Trucks
>> :barjavel.freenode.net 352 peat #irssi contempt unaffiliated/contempt calvino.freenode.net contempt G :0 contempt
>> :barjavel.freenode.net 352 peat #irssi kingkong shellium/member/kingkong verne.freenode.net kingkong H :0 kingkong
>> :barjavel.freenode.net 352 peat #irssi ~Username_ 184.22.105.242 adams.freenode.net noxoc G :0 Realname Not Set
>> :barjavel.freenode.net 352 peat #irssi ~transacid pdpc/supporter/professional/transacid gibson.freenode.net transacid G :0 Boris Petersen
>> :barjavel.freenode.net 352 peat #irssi ~equilibri 176-31-159-205.ovh.net barjavel.freenode.net equilibriumuk G :0 Unknown
>> :barjavel.freenode.net 352 peat #irssi ~pioneer unaffiliated/darkstorm barjavel.freenode.net DarkStorm H :0 DarkStorm
>> :barjavel.freenode.net 352 peat #irssi ~elik unaffiliated/elik barjavel.freenode.net elik H :0 Nicolas Calderon
>> :barjavel.freenode.net 352 peat #irssi ~gokee2 204-195-14-78.wavecable.com barjavel.freenode.net Gokee2 H :0 Unknown
>> :barjavel.freenode.net 352 peat #irssi ~czero pool-71-102-221-234.snloca.dsl-w.verizon.net barjavel.freenode.net Count_0 G :0 Unknown
>> :barjavel.freenode.net 352 peat #irssi ~zarac 84-55-97-138.customers.ownit.se barjavel.freenode.net zarac H+ :0 Hannes Landstedt
>> :barjavel.freenode.net 352 peat #irssi stbenjam nat/redhat/x-atqvpwchhsgvkpbc barjavel.freenode.net stbenjam G :0 Stephen Benjamin
>> :barjavel.freenode.net 352 peat #irssi remiel unaffiliated/remiel barjavel.freenode.net remiel H :0 the sixth form
>> :barjavel.freenode.net 352 peat #irssi 4822 rubin.ifi.uio.no barjavel.freenode.net peder G :0 Peder Stray
>> :barjavel.freenode.net 315 peat #irssi :End of /WHO list.
>> :ChanServ!ChanServ@services. NOTICE peat :[#irssi] Welcome to #irssi. See http://www.irssi.org/documentation/startup before asking your question. Google is your friend. Don't be afraid to ask your question, there's no need to hilight people. Send a mail to info@irssi.org if there's no reply.
>> :services. 328 peat #irssi :http://www.irssi.org
>> :barjavel.freenode.net 367 peat #irssi *!*jakk@76.14.66.* Dirm!dirm@about/csharp/regular/dirm 1329086630
>> :barjavel.freenode.net 367 peat #irssi *!*@64.134.239.111 dubellz!~tdubellz@freenode/staff/tdubellz 1328900348
>> :barjavel.freenode.net 367 peat #irssi *!*raket@iwconfig.net barjavel.freenode.net 1328876354
>> :barjavel.freenode.net 367 peat #irssi *!*miloej@59.94.102.* barjavel.freenode.net 1328876354
>> :barjavel.freenode.net 367 peat #irssi *!*@porn.ath.cx barjavel.freenode.net 1328876354
>> :barjavel.freenode.net 367 peat #irssi *!*@abode.resnet.nd.edu barjavel.freenode.net 1328876354
>> :barjavel.freenode.net 367 peat #irssi blithe!*@* barjavel.freenode.net 1328876354
>> :barjavel.freenode.net 367 peat #irssi *!*dan@155.229.22.* barjavel.freenode.net 1328876354
>> :barjavel.freenode.net 367 peat #irssi *!*assbag@unaffiliated/fellini barjavel.freenode.net 1328876354
>> :barjavel.freenode.net 367 peat #irssi *!*frozenfi@unaffiliated/nathan7 barjavel.freenode.net 1328876354
>> :barjavel.freenode.net 367 peat #irssi *!*denmark@117.96.69.* barjavel.freenode.net 1328876354
>> :barjavel.freenode.net 367 peat #irssi *!*h@*.lyfe.nig.gs barjavel.freenode.net 1328876354
>> :barjavel.freenode.net 367 peat #irssi *!*@BSN-176-138-210.dial-up.dsl.siol.net barjavel.freenode.net 1328876354
>> :barjavel.freenode.net 367 peat #irssi *!*DrgdHmstr@*.nwrknj.east.verizon.net barjavel.freenode.net 1328876354
>> :barjavel.freenode.net 367 peat #irssi *!*FloatingC@94.233.209.* barjavel.freenode.net 1328876354
>> :barjavel.freenode.net 367 peat #irssi *!pipa@*.threembb.co.uk barjavel.freenode.net 1328876354
>> :barjavel.freenode.net 367 peat #irssi *!~jim@203.74.245.164 barjavel.freenode.net 1328876354
>> :barjavel.freenode.net 367 peat #irssi CiRlE!*cirle@169.246.18.95.dynamic.jazztel.es barjavel.freenode.net 1328876354
>> :barjavel.freenode.net 367 peat #irssi *!*5b87a963@*.91.135.169.99 barjavel.freenode.net 1328876354
>> :barjavel.freenode.net 367 peat #irssi *!*@35.246.18.95.dynamic.jazztel.es barjavel.freenode.net 1328876354
>> :barjavel.freenode.net 367 peat #irssi CiRlE!*cirle@*.dynamic.jazztel.es barjavel.freenode.net 1328876354
>> :barjavel.freenode.net 367 peat #irssi *!*hyd@*.nationalcablenetworks.ru barjavel.freenode.net 1328876354
>> :barjavel.freenode.net 367 peat #irssi *!*@173-228-80-252.dsl.static.sonic.net barjavel.freenode.net 1328876354
>> :barjavel.freenode.net 368 peat #irssi :End of Channel Ban List
>> :DarwinSurvivor!~DarwinSur@S0106687f74a1273d.vs.shawcable.net PRIVMSG #irssi :hmm, good idea
>> :barjavel.freenode.net PONG barjavel.freenode.net :barjavel.freenode.net
>> :boozu!~boozu@c-24-21-49-222.hsd1.or.comcast.net JOIN #tanuki
>> :DarwinSurvivor!~DarwinSur@S0106687f74a1273d.vs.shawcable.net PRIVMSG #irssi :running irssi without tmux made no difference
>> :barjavel.freenode.net PONG barjavel.freenode.net :barjavel.freenode.net
>> :q_a_z_st1ve!~q_a_z_ste@c-174-52-197-40.hsd1.ut.comcast.net JOIN #irssi
>> :austinh!~austin@c-24-21-49-222.hsd1.or.comcast.net PRIVMSG #tanuki :He's going to tell you Janis' last Tweet shortly (b/c I was too lazy to fetch it beforehand).
>> :austinh!~austin@c-24-21-49-222.hsd1.or.comcast.net PRIVMSG #tanuki :I need to make that part of the startup.
>> :barjavel.freenode.net PONG barjavel.freenode.net :barjavel.freenode.net
>> :AntiSpamMeta!~MetaBot@AntiSpamMeta/. JOIN #irssi
>> :boozu!~boozu@c-24-21-49-222.hsd1.or.comcast.net PRIVMSG #tanuki :Tanukipdx: "Holy shit! Gary Coleman really *is* dead! How did I miss that?!" [Mon Mar 26 16:11:38 +0000 2012] https://twitter.com/#!/Tanukipdx/status/184311656975831040
>> :bfoote!~bfoote@c-50-137-42-130.hsd1.or.comcast.net JOIN #pdxWebDev
>> :barjavel.freenode.net PONG barjavel.freenode.net :barjavel.freenode.net
>> :Kays!Kays@unaffiliated/kays PRIVMSG #irssi :peat: /rawlog
>> :c0sco!~matts@phjeer.us PRIVMSG #tanuki :you get the logging working peat?
>> :f3ck4r!~darkstar@gateway/tor-sasl/f3ck4r JOIN #irssi
>> :barjavel.freenode.net PONG barjavel.freenode.net :barjavel.freenode.net
>> :barjavel.freenode.net 352 peat #irssi ~flo tesla.chaoflow.net gibson.freenode.net chaoflow G :0 Florian Friesdorf
>> :barjavel.freenode.net 352 peat #irssi dukat shell.chaostreff-dortmund.de zelazny.freenode.net der-onke1 G :0 Gul Dukat
>> :barjavel.freenode.net 352 peat #irssi ~ewanm89 unaffiliated/ewanm89 pratchett.freenode.net Cap_J_L_Picard H :0 Ewan Marshall
>> :barjavel.freenode.net 352 peat #irssi ~unicum unaffiliated/unicum niven.freenode.net unicum_ G :0 unicum
>> :barjavel.freenode.net 352 peat #irssi ~veemon unaffiliated/veemon adams.freenode.net veemon H :0 veemon
>> :barjavel.freenode.net 352 peat #irssi ~Paranoid_ unaffiliated/paranoid-pole/x-3893527 holmes.freenode.net Paranoid_Pole G :0  
>> :barjavel.freenode.net 352 peat #irssi ~jpt adsl-065-007-179-247.sip.bct.bellsouth.net wolfe.freenode.net sot H :0 John Toohey
>> :barjavel.freenode.net 352 peat #irssi ~sophie neo.theblob.org moorcock.freenode.net Sophira G :0 Sophie
>> :barjavel.freenode.net 352 peat #irssi abuse c-98-249-224-255.hsd1.fl.comcast.net leguin.freenode.net workbensh G :0 Dngor's generic bot workbench.
>> :barjavel.freenode.net 352 peat #irssi Kays unaffiliated/kays calvino.freenode.net Kays H :0 Kays
>> :barjavel.freenode.net 352 peat #irssi ~mingdao unaffiliated/mingdao calvino.freenode.net mingdao H :0 Unknown
>> :barjavel.freenode.net 352 peat #irssi septicore gateway/shell/xzibition.com/x-ceuvqexjqtesybnu zelazny.freenode.net oohnoitz H :0 ...
>> :barjavel.freenode.net 352 peat #irssi el_seano reaver.cat.pdx.edu hitchcock.freenode.net el_seano G :0 "It's Espanol for 'The Sean'"
>> :barjavel.freenode.net 352 peat #irssi bburhans freenode/staff/bburhans card.freenode.net bburhans G :0 bburhans
>> :barjavel.freenode.net 352 peat #irssi ~em unaffiliated/emma hitchcock.freenode.net em H :0 Em
>> :barjavel.freenode.net 352 peat #irssi dirm about/csharp/regular/dirm leguin.freenode.net Dirm H :0 dirm
>> :barjavel.freenode.net 352 peat #irssi ~desi unaffiliated/desikittehgh/x-1509123 hitchcock.freenode.net desikitteh{G}{H} G :0 fluffy kitteh-dragon-thing
>> :barjavel.freenode.net 352 peat #irssi ~mincer unaffiliated/mincer kornbluth.freenode.net MinceR G :0 .: Mincer Lightbringer :.
>> :barjavel.freenode.net 352 peat #irssi ~dan cpe-72-230-72-76.twcny.res.rr.com niven.freenode.net ninedotnine H :0 dan
>> :barjavel.freenode.net 352 peat #irssi ~mauke p3m/member/mauke gibson.freenode.net mauke H :0 ω̈
>> :barjavel.freenode.net 352 peat #irssi ~irc unaffiliated/ikonia gibson.freenode.net ikonia G :0 Matt Darcy
>> :barjavel.freenode.net 352 peat #irssi ~irssi phobos.x-zen.cx lindbohm.freenode.net jackyyll H :0 Marc
>> :barjavel.freenode.net 352 peat #irssi ~richih freenode/staff/richih niven.freenode.net RichiH G :0 Richard Hartmann
>> :barjavel.freenode.net 352 peat #irssi ~Chotaz unaffiliated/chotaz moorcock.freenode.net CurrentlyCurrent H :0 Diogo Chotaz
>> :barjavel.freenode.net 352 peat #irssi ~brownout wikimedia/brownout hubbard.freenode.net Brownout G :0 Brownout (PGP key: 0x06709C59)
>> :barjavel.freenode.net 352 peat #irssi ~tor pdpc/supporter/professional/conntrack asimov.freenode.net conntrack G :0 Unknown
>> :barjavel.freenode.net 352 peat #irssi ~MissionCr unaffiliated/missioncritical holmes.freenode.net MissionCritical H :0 Mission Critical
>> :barjavel.freenode.net 352 peat #irssi ~peper gentoo/developer/peper verne.freenode.net peper H :0 Piotr Jaroszynski
>> :barjavel.freenode.net 352 peat #irssi ~jtrucks freenode/staff/lopsa.board.jtrucks kornbluth.freenode.net jtrucks H :0 Jesse Trucks
>> :barjavel.freenode.net 352 peat #irssi contempt unaffiliated/contempt calvino.freenode.net contempt G :0 contempt
>> :barjavel.freenode.net 352 peat #irssi kingkong shellium/member/kingkong verne.freenode.net kingkong H :0 kingkong
>> :barjavel.freenode.net 352 peat #irssi ~Username_ 184.22.105.242 adams.freenode.net noxoc G :0 Realname Not Set
>> :barjavel.freenode.net 352 peat #irssi ~transacid pdpc/supporter/professional/transacid gibson.freenode.net transacid G :0 Boris Petersen
>> :barjavel.freenode.net 352 peat #irssi ~equilibri 176-31-159-205.ovh.net barjavel.freenode.net equilibriumuk G :0 Unknown
>> :barjavel.freenode.net 352 peat #irssi ~pioneer unaffiliated/darkstorm barjavel.freenode.net DarkStorm H :0 DarkStorm
>> :barjavel.freenode.net 352 peat #irssi ~elik unaffiliated/elik barjavel.freenode.net elik H :0 Nicolas Calderon
>> :barjavel.freenode.net 352 peat #irssi ~gokee2 204-195-14-78.wavecable.com barjavel.freenode.net Gokee2 H :0 Unknown
>> :barjavel.freenode.net 352 peat #irssi ~czero pool-71-102-221-234.snloca.dsl-w.verizon.net barjavel.freenode.net Count_0 G :0 Unknown
>> :barjavel.freenode.net 352 peat #irssi ~zarac 84-55-97-138.customers.ownit.se barjavel.freenode.net zarac H+ :0 Hannes Landstedt
>> :barjavel.freenode.net 352 peat #irssi stbenjam nat/redhat/x-atqvpwchhsgvkpbc barjavel.freenode.net stbenjam G :0 Stephen Benjamin
>> :barjavel.freenode.net 352 peat #irssi remiel unaffiliated/remiel barjavel.freenode.net remiel H :0 the sixth form
>> :barjavel.freenode.net 352 peat #irssi 4822 rubin.ifi.uio.no barjavel.freenode.net peder G :0 Peder Stray
>> :barjavel.freenode.net 315 peat #irssi :End of /WHO list.
>> :ChanServ!ChanServ@services. NOTICE peat :[#irssi] Welcome to #irssi. See http://www.irssi.org/documentation/startup before asking your question. Google is your friend. Don't be afraid to ask your question, there's no need to hilight people. Send a mail to info@irssi.org if there's no reply.
>> :services. 328 peat #irssi :http://www.irssi.org
>> :barjavel.freenode.net 367 peat #irssi *!*jakk@76.14.66.* Dirm!dirm@about/csharp/regular/dirm 1329086630
>> :barjavel.freenode.net 367 peat #irssi *!*@64.134.239.111 dubellz!~tdubellz@freenode/staff/tdubellz 1328900348
>> :barjavel.freenode.net 367 peat #irssi *!*raket@iwconfig.net barjavel.freenode.net 1328876354
>> :barjavel.freenode.net 367 peat #irssi *!*miloej@59.94.102.* barjavel.freenode.net 1328876354
>> :barjavel.freenode.net 367 peat #irssi *!*@porn.ath.cx barjavel.freenode.net 1328876354
>> :barjavel.freenode.net 367 peat #irssi *!*@abode.resnet.nd.edu barjavel.freenode.net 1328876354
>> :barjavel.freenode.net 367 peat #irssi blithe!*@* barjavel.freenode.net 1328876354
>> :barjavel.freenode.net 367 peat #irssi *!*dan@155.229.22.* barjavel.freenode.net 1328876354
>> :barjavel.freenode.net 367 peat #irssi *!*assbag@unaffiliated/fellini barjavel.freenode.net 1328876354
>> :barjavel.freenode.net 367 peat #irssi *!*frozenfi@unaffiliated/nathan7 barjavel.freenode.net 1328876354
>> :barjavel.freenode.net 367 peat #irssi *!*denmark@117.96.69.* barjavel.freenode.net 1328876354
>> :barjavel.freenode.net 367 peat #irssi *!*h@*.lyfe.nig.gs barjavel.freenode.net 1328876354
>> :barjavel.freenode.net 367 peat #irssi *!*@BSN-176-138-210.dial-up.dsl.siol.net barjavel.freenode.net 1328876354
>> :barjavel.freenode.net 367 peat #irssi *!*DrgdHmstr@*.nwrknj.east.verizon.net barjavel.freenode.net 1328876354
>> :barjavel.freenode.net 367 peat #irssi *!*FloatingC@94.233.209.* barjavel.freenode.net 1328876354
>> :barjavel.freenode.net 367 peat #irssi *!pipa@*.threembb.co.uk barjavel.freenode.net 1328876354
>> :barjavel.freenode.net 367 peat #irssi *!~jim@203.74.245.164 barjavel.freenode.net 1328876354
>> :barjavel.freenode.net 367 peat #irssi CiRlE!*cirle@169.246.18.95.dynamic.jazztel.es barjavel.freenode.net 1328876354
>> :barjavel.freenode.net 367 peat #irssi *!*5b87a963@*.91.135.169.99 barjavel.freenode.net 1328876354
>> :barjavel.freenode.net 367 peat #irssi *!*@35.246.18.95.dynamic.jazztel.es barjavel.freenode.net 1328876354
>> :barjavel.freenode.net 367 peat #irssi CiRlE!*cirle@*.dynamic.jazztel.es barjavel.freenode.net 1328876354
>> :barjavel.freenode.net 367 peat #irssi *!*hyd@*.nationalcablenetworks.ru barjavel.freenode.net 1328876354
>> :barjavel.freenode.net 367 peat #irssi *!*@173-228-80-252.dsl.static.sonic.net barjavel.freenode.net 1328876354
>> :barjavel.freenode.net 368 peat #irssi :End of Channel Ban List
>> :DarwinSurvivor!~DarwinSur@S0106687f74a1273d.vs.shawcable.net PRIVMSG #irssi :hmm, good idea
>> :barjavel.freenode.net PONG barjavel.freenode.net :barjavel.freenode.net
>> :boozu!~boozu@c-24-21-49-222.hsd1.or.comcast.net JOIN #tanuki
>> :DarwinSurvivor!~DarwinSur@S0106687f74a1273d.vs.shawcable.net PRIVMSG #irssi :running irssi without tmux made no difference
>> :barjavel.freenode.net PONG barjavel.freenode.net :barjavel.freenode.net
>> :q_a_z_st1ve!~q_a_z_ste@c-174-52-197-40.hsd1.ut.comcast.net JOIN #irssi
>> :austinh!~austin@c-24-21-49-222.hsd1.or.comcast.net PRIVMSG #tanuki :He's going to tell you Janis' last Tweet shortly (b/c I was too lazy to fetch it beforehand).
>> :austinh!~austin@c-24-21-49-222.hsd1.or.comcast.net PRIVMSG #tanuki :I need to make that part of the startup.
>> :barjavel.freenode.net PONG barjavel.freenode.net :barjavel.freenode.net
>> :AntiSpamMeta!~MetaBot@AntiSpamMeta/. JOIN #irssi
>> :boozu!~boozu@c-24-21-49-222.hsd1.or.comcast.net PRIVMSG #tanuki :Tanukipdx: "Holy shit! Gary Coleman really *is* dead! How did I miss that?!" [Mon Mar 26 16:11:38 +0000 2012] https://twitter.com/#!/Tanukipdx/status/184311656975831040
>> :bfoote!~bfoote@c-50-137-42-130.hsd1.or.comcast.net JOIN #pdxWebDev
>> :barjavel.freenode.net PONG barjavel.freenode.net :barjavel.freenode.net
>> :Kays!Kays@unaffiliated/kays PRIVMSG #irssi :peat: /rawlog
>> :c0sco!~matts@phjeer.us PRIVMSG #tanuki :you get the logging working peat?
>> :f3ck4r!~darkstar@gateway/tor-sasl/f3ck4r JOIN #irssi
>> :barjavel.freenode.net PONG barjavel.freenode.net :barjavel.freenode.net
>> :DarwinSurvivor!~DarwinSur@S0106687f74a1273d.vs.shawcable.net PRIVMSG #irssi :for comparison: my end=http://pastebin.com/9JVs5WVk other end=http://i.imgur.com/8N1cN.png
>> :c0sco!~matts@phjeer.us PRIVMSG #tanuki :oh you want the raw irc stuff?
>> :barjavel.freenode.net PONG barjavel.freenode.net :barjavel.freenode.net
>> :c0sco!~matts@phjeer.us PRIVMSG #tanuki :i think if you set the autolog level to ALL in the config it might do it
>> :peat!~peat@peat.org PART #irssi
>> :donpdonp!~donp@unaffiliated/donpdonp PRIVMSG #pdxWebDev :the youtube commenter is the bottom of the internet food chain
>> :c0sco!~matts@phjeer.us PRIVMSG #tanuki :not sure though, i never want the raw stuff
>> :barjavel.freenode.net PONG barjavel.freenode.net :barjavel.freenode.net
>> :c0sco!~matts@phjeer.us PRIVMSG #tanuki :k cool
>> :heathy!~heathy@cheezypoofs.phjeer.me PRIVMSG #tanuki :narf
>> :c0sco!~matts@phjeer.us PRIVMSG #tanuki :oh are you writing a bot or something?
>> :c0sco!~matts@phjeer.us PRIVMSG #tanuki :the rfc is actually pretty readable for that
>> :c0sco!~matts@phjeer.us PRIVMSG #tanuki :or just telnet in to the irc server and remember to PONG
>> :c0sco!~matts@phjeer.us PRIVMSG #tanuki :heh
>> :barjavel.freenode.net PONG barjavel.freenode.net :barjavel.freenode.net
>> :c0sco!~matts@phjeer.us PRIVMSG #tanuki :gotcha
>> :barjavel.freenode.net 352 peat #irssi abuse c-98-249-224-255.hsd1.fl.comcast.net leguin.freenode.net workbensh G :0 Dngor's generic bot workbench.
>> :barjavel.freenode.net 352 peat #irssi Kays unaffiliated/kays calvino.freenode.net Kays H :0 Kays
>> :barjavel.freenode.net 352 peat #irssi ~mingdao unaffiliated/mingdao calvino.freenode.net mingdao H :0 Unknown
>> :barjavel.freenode.net 352 peat #irssi septicore gateway/shell/xzibition.com/x-ceuvqexjqtesybnu zelazny.freenode.net oohnoitz H :0 ...
>> :barjavel.freenode.net 352 peat #irssi el_seano reaver.cat.pdx.edu hitchcock.freenode.net el_seano G :0 "It's Espanol for 'The Sean'"
>> :barjavel.freenode.net 352 peat #irssi bburhans freenode/staff/bburhans card.freenode.net bburhans G :0 bburhans
>> :barjavel.freenode.net 352 peat #irssi ~em unaffiliated/emma hitchcock.freenode.net em H :0 Em
>> :barjavel.freenode.net 352 peat #irssi dirm about/csharp/regular/dirm leguin.freenode.net Dirm H :0 dirm
>> :barjavel.freenode.net 352 peat #irssi ~desi unaffiliated/desikittehgh/x-1509123 hitchcock.freenode.net desikitteh{G}{H} G :0 fluffy kitteh-dragon-thing
>> :barjavel.freenode.net 352 peat #irssi ~mincer unaffiliated/mincer kornbluth.freenode.net MinceR G :0 .: Mincer Lightbringer :.
>> :barjavel.freenode.net 352 peat #irssi ~dan cpe-72-230-72-76.twcny.res.rr.com niven.freenode.net ninedotnine H :0 dan
>> :barjavel.freenode.net 352 peat #irssi ~mauke p3m/member/mauke gibson.freenode.net mauke H :0 ω̈
>> :barjavel.freenode.net 352 peat #irssi ~irc unaffiliated/ikonia gibson.freenode.net ikonia G :0 Matt Darcy
>> :barjavel.freenode.net 352 peat #irssi ~irssi phobos.x-zen.cx lindbohm.freenode.net jackyyll H :0 Marc
>> :barjavel.freenode.net 352 peat #irssi ~richih freenode/staff/richih niven.freenode.net RichiH G :0 Richard Hartmann
>> :barjavel.freenode.net 352 peat #irssi ~Chotaz unaffiliated/chotaz moorcock.freenode.net CurrentlyCurrent H :0 Diogo Chotaz
>> :barjavel.freenode.net 352 peat #irssi ~brownout wikimedia/brownout hubbard.freenode.net Brownout G :0 Brownout (PGP key: 0x06709C59)
>> :barjavel.freenode.net 352 peat #irssi ~tor pdpc/supporter/professional/conntrack asimov.freenode.net conntrack G :0 Unknown
>> :barjavel.freenode.net 352 peat #irssi ~MissionCr unaffiliated/missioncritical holmes.freenode.net MissionCritical H :0 Mission Critical
>> :barjavel.freenode.net 352 peat #irssi ~peper gentoo/developer/peper verne.freenode.net peper H :0 Piotr Jaroszynski
>> :barjavel.freenode.net 352 peat #irssi ~jtrucks freenode/staff/lopsa.board.jtrucks kornbluth.freenode.net jtrucks H :0 Jesse Trucks
>> :barjavel.freenode.net 352 peat #irssi contempt unaffiliated/contempt calvino.freenode.net contempt G :0 contempt
>> :barjavel.freenode.net 352 peat #irssi kingkong shellium/member/kingkong verne.freenode.net kingkong H :0 kingkong
>> :barjavel.freenode.net 352 peat #irssi ~Username_ 184.22.105.242 adams.freenode.net noxoc G :0 Realname Not Set
>> :barjavel.freenode.net 352 peat #irssi ~transacid pdpc/supporter/professional/transacid gibson.freenode.net transacid G :0 Boris Petersen
>> :barjavel.freenode.net 352 peat #irssi ~equilibri 176-31-159-205.ovh.net barjavel.freenode.net equilibriumuk G :0 Unknown
>> :barjavel.freenode.net 352 peat #irssi ~pioneer unaffiliated/darkstorm barjavel.freenode.net DarkStorm H :0 DarkStorm
>> :barjavel.freenode.net 352 peat #irssi ~elik unaffiliated/elik barjavel.freenode.net elik H :0 Nicolas Calderon
>> :barjavel.freenode.net 352 peat #irssi ~gokee2 204-195-14-78.wavecable.com barjavel.freenode.net Gokee2 H :0 Unknown
>> :barjavel.freenode.net 352 peat #irssi ~czero pool-71-102-221-234.snloca.dsl-w.verizon.net barjavel.freenode.net Count_0 G :0 Unknown
>> :barjavel.freenode.net 352 peat #irssi ~zarac 84-55-97-138.customers.ownit.se barjavel.freenode.net zarac H+ :0 Hannes Landstedt
>> :barjavel.freenode.net 352 peat #irssi stbenjam nat/redhat/x-atqvpwchhsgvkpbc barjavel.freenode.net stbenjam G :0 Stephen Benjamin
>> :barjavel.freenode.net 352 peat #irssi remiel unaffiliated/remiel barjavel.freenode.net remiel H :0 the sixth form
>> :barjavel.freenode.net 352 peat #irssi 4822 rubin.ifi.uio.no barjavel.freenode.net peder G :0 Peder Stray
>> :barjavel.freenode.net 315 peat #irssi :End of /WHO list.
>> :ChanServ!ChanServ@services. NOTICE peat :[#irssi] Welcome to #irssi. See http://www.irssi.org/documentation/startup before asking your question. Google is your friend. Don't be afraid to ask your question, there's no need to hilight people. Send a mail to info@irssi.org if there's no reply.
>> :services. 328 peat #irssi :http://www.irssi.org
>> :barjavel.freenode.net 367 peat #irssi *!*jakk@76.14.66.* Dirm!dirm@about/csharp/regular/dirm 1329086630
>> :barjavel.freenode.net 367 peat #irssi *!*@64.134.239.111 dubellz!~tdubellz@freenode/staff/tdubellz 1328900348
>> :barjavel.freenode.net 367 peat #irssi *!*raket@iwconfig.net barjavel.freenode.net 1328876354
>> :barjavel.freenode.net 367 peat #irssi *!*miloej@59.94.102.* barjavel.freenode.net 1328876354
>> :barjavel.freenode.net 367 peat #irssi *!*@porn.ath.cx barjavel.freenode.net 1328876354
>> :barjavel.freenode.net 367 peat #irssi *!*@abode.resnet.nd.edu barjavel.freenode.net 1328876354
>> :barjavel.freenode.net 367 peat #irssi blithe!*@* barjavel.freenode.net 1328876354
>> :barjavel.freenode.net 367 peat #irssi *!*dan@155.229.22.* barjavel.freenode.net 1328876354
>> :barjavel.freenode.net 367 peat #irssi *!*assbag@unaffiliated/fellini barjavel.freenode.net 1328876354
>> :barjavel.freenode.net 367 peat #irssi *!*frozenfi@unaffiliated/nathan7 barjavel.freenode.net 1328876354
>> :barjavel.freenode.net 367 peat #irssi *!*denmark@117.96.69.* barjavel.freenode.net 1328876354
>> :barjavel.freenode.net 367 peat #irssi *!*h@*.lyfe.nig.gs barjavel.freenode.net 1328876354
>> :barjavel.freenode.net 367 peat #irssi *!*@BSN-176-138-210.dial-up.dsl.siol.net barjavel.freenode.net 1328876354
>> :barjavel.freenode.net 367 peat #irssi *!*DrgdHmstr@*.nwrknj.east.verizon.net barjavel.freenode.net 1328876354
>> :barjavel.freenode.net 367 peat #irssi *!*FloatingC@94.233.209.* barjavel.freenode.net 1328876354
>> :barjavel.freenode.net 367 peat #irssi *!pipa@*.threembb.co.uk barjavel.freenode.net 1328876354
>> :barjavel.freenode.net 367 peat #irssi *!~jim@203.74.245.164 barjavel.freenode.net 1328876354
>> :barjavel.freenode.net 367 peat #irssi CiRlE!*cirle@169.246.18.95.dynamic.jazztel.es barjavel.freenode.net 1328876354
>> :barjavel.freenode.net 367 peat #irssi *!*5b87a963@*.91.135.169.99 barjavel.freenode.net 1328876354
>> :barjavel.freenode.net 367 peat #irssi *!*@35.246.18.95.dynamic.jazztel.es barjavel.freenode.net 1328876354
>> :barjavel.freenode.net 367 peat #irssi CiRlE!*cirle@*.dynamic.jazztel.es barjavel.freenode.net 1328876354
>> :barjavel.freenode.net 367 peat #irssi *!*hyd@*.nationalcablenetworks.ru barjavel.freenode.net 1328876354
>> :barjavel.freenode.net 367 peat #irssi *!*@173-228-80-252.dsl.static.sonic.net barjavel.freenode.net 1328876354
>> :barjavel.freenode.net 368 peat #irssi :End of Channel Ban List
>> :DarwinSurvivor!~DarwinSur@S0106687f74a1273d.vs.shawcable.net PRIVMSG #irssi :hmm, good idea
>> :barjavel.freenode.net PONG barjavel.freenode.net :barjavel.freenode.net
>> :boozu!~boozu@c-24-21-49-222.hsd1.or.comcast.net JOIN #tanuki
>> :DarwinSurvivor!~DarwinSur@S0106687f74a1273d.vs.shawcable.net PRIVMSG #irssi :running irssi without tmux made no difference
>> :barjavel.freenode.net PONG barjavel.freenode.net :barjavel.freenode.net
>> :q_a_z_st1ve!~q_a_z_ste@c-174-52-197-40.hsd1.ut.comcast.net JOIN #irssi
>> :austinh!~austin@c-24-21-49-222.hsd1.or.comcast.net PRIVMSG #tanuki :He's going to tell you Janis' last Tweet shortly (b/c I was too lazy to fetch it beforehand).
>> :austinh!~austin@c-24-21-49-222.hsd1.or.comcast.net PRIVMSG #tanuki :I need to make that part of the startup.
>> :barjavel.freenode.net PONG barjavel.freenode.net :barjavel.freenode.net
>> :AntiSpamMeta!~MetaBot@AntiSpamMeta/. JOIN #irssi
>> :boozu!~boozu@c-24-21-49-222.hsd1.or.comcast.net PRIVMSG #tanuki :Tanukipdx: "Holy shit! Gary Coleman really *is* dead! How did I miss that?!" [Mon Mar 26 16:11:38 +0000 2012] https://twitter.com/#!/Tanukipdx/status/184311656975831040
>> :bfoote!~bfoote@c-50-137-42-130.hsd1.or.comcast.net JOIN #pdxWebDev
>> :barjavel.freenode.net PONG barjavel.freenode.net :barjavel.freenode.net
>> :Kays!Kays@unaffiliated/kays PRIVMSG #irssi :peat: /rawlog
>> :c0sco!~matts@phjeer.us PRIVMSG #tanuki :you get the logging working peat?
>> :f3ck4r!~darkstar@gateway/tor-sasl/f3ck4r JOIN #irssi
>> :barjavel.freenode.net PONG barjavel.freenode.net :barjavel.freenode.net
>> :DarwinSurvivor!~DarwinSur@S0106687f74a1273d.vs.shawcable.net PRIVMSG #irssi :for comparison: my end=http://pastebin.com/9JVs5WVk other end=http://i.imgur.com/8N1cN.png
>> :c0sco!~matts@phjeer.us PRIVMSG #tanuki :oh you want the raw irc stuff?
>> :barjavel.freenode.net PONG barjavel.freenode.net :barjavel.freenode.net
>> :c0sco!~matts@phjeer.us PRIVMSG #tanuki :i think if you set the autolog level to ALL in the config it might do it
>> :peat!~peat@peat.org PART #irssi
>> :donpdonp!~donp@unaffiliated/donpdonp PRIVMSG #pdxWebDev :the youtube commenter is the bottom of the internet food chain
>> :c0sco!~matts@phjeer.us PRIVMSG #tanuki :not sure though, i never want the raw stuff
>> :barjavel.freenode.net PONG barjavel.freenode.net :barjavel.freenode.net
>> :c0sco!~matts@phjeer.us PRIVMSG #tanuki :k cool
>> :heathy!~heathy@cheezypoofs.phjeer.me PRIVMSG #tanuki :narf
>> :c0sco!~matts@phjeer.us PRIVMSG #tanuki :oh are you writing a bot or something?
>> :c0sco!~matts@phjeer.us PRIVMSG #tanuki :the rfc is actually pretty readable for that
>> :c0sco!~matts@phjeer.us PRIVMSG #tanuki :or just telnet in to the irc server and remember to PONG
>> :c0sco!~matts@phjeer.us PRIVMSG #tanuki :heh
>> :barjavel.freenode.net PONG barjavel.freenode.net :barjavel.freenode.net
>> :c0sco!~matts@phjeer.us PRIVMSG #tanuki :gotcha
>> :c0sco!~matts@phjeer.us PRIVMSG #tanuki :i think i have some irc-hybrid services i wrote in perl like a decade ago which might have some random test data if you need a bunch
>> :c0sco!~matts@phjeer.us PRIVMSG #tanuki :of course i'd have to find it
>> :barjavel.freenode.net PONG barjavel.freenode.net :barjavel.freenode.net
>> :c0sco!~matts@phjeer.us PRIVMSG #tanuki :which for me and old work is always interesting heh
>> :c0sco!~matts@phjeer.us PRIVMSG #tanuki :but if i come across it i'll let you know
>> :c0sco!~matts@phjeer.us PRIVMSG peat :heyo
>> :barjavel.freenode.net PONG barjavel.freenode.net :barjavel.freenode.net
>> :c0sco!~matts@phjeer.us PRIVMSG #tanuki :np
>> :barjavel.freenode.net 315 peat #irssi :End of /WHO list.
>> :ChanServ!ChanServ@services. NOTICE peat :[#irssi] Welcome to #irssi. See http://www.irssi.org/documentation/startup before asking your question. Google is your friend. Don't be afraid to ask your question, there's no need to hilight people. Send a mail to info@irssi.org if there's no reply.
>> :services. 328 peat #irssi :http://www.irssi.org
>> :barjavel.freenode.net 367 peat #irssi *!*jakk@76.14.66.* Dirm!dirm@about/csharp/regular/dirm 1329086630
>> :barjavel.freenode.net 367 peat #irssi *!*@64.134.239.111 dubellz!~tdubellz@freenode/staff/tdubellz 1328900348
>> :barjavel.freenode.net 367 peat #irssi *!*raket@iwconfig.net barjavel.freenode.net 1328876354
>> :barjavel.freenode.net 367 peat #irssi *!*miloej@59.94.102.* barjavel.freenode.net 1328876354
>> :barjavel.freenode.net 367 peat #irssi *!*@porn.ath.cx barjavel.freenode.net 1328876354
>> :barjavel.freenode.net 367 peat #irssi *!*@abode.resnet.nd.edu barjavel.freenode.net 1328876354
>> :barjavel.freenode.net 367 peat #irssi blithe!*@* barjavel.freenode.net 1328876354
>> :barjavel.freenode.net 367 peat #irssi *!*dan@155.229.22.* barjavel.freenode.net 1328876354
>> :barjavel.freenode.net 367 peat #irssi *!*assbag@unaffiliated/fellini barjavel.freenode.net 1328876354
>> :barjavel.freenode.net 367 peat #irssi *!*frozenfi@unaffiliated/nathan7 barjavel.freenode.net 1328876354
>> :barjavel.freenode.net 367 peat #irssi *!*denmark@117.96.69.* barjavel.freenode.net 1328876354
>> :barjavel.freenode.net 367 peat #irssi *!*h@*.lyfe.nig.gs barjavel.freenode.net 1328876354
>> :barjavel.freenode.net 367 peat #irssi *!*@BSN-176-138-210.dial-up.dsl.siol.net barjavel.freenode.net 1328876354
>> :barjavel.freenode.net 367 peat #irssi *!*DrgdHmstr@*.nwrknj.east.verizon.net barjavel.freenode.net 1328876354
>> :barjavel.freenode.net 367 peat #irssi *!*FloatingC@94.233.209.* barjavel.freenode.net 1328876354
>> :barjavel.freenode.net 367 peat #irssi *!pipa@*.threembb.co.uk barjavel.freenode.net 1328876354
>> :barjavel.freenode.net 367 peat #irssi *!~jim@203.74.245.164 barjavel.freenode.net 1328876354
>> :barjavel.freenode.net 367 peat #irssi CiRlE!*cirle@169.246.18.95.dynamic.jazztel.es barjavel.freenode.net 1328876354
>> :barjavel.freenode.net 367 peat #irssi *!*5b87a963@*.91.135.169.99 barjavel.freenode.net 1328876354
>> :barjavel.freenode.net 367 peat #irssi *!*@35.246.18.95.dynamic.jazztel.es barjavel.freenode.net 1328876354
>> :barjavel.freenode.net 367 peat #irssi CiRlE!*cirle@*.dynamic.jazztel.es barjavel.freenode.net 1328876354
>> :barjavel.freenode.net 367 peat #irssi *!*hyd@*.nationalcablenetworks.ru barjavel.freenode.net 1328876354
>> :barjavel.freenode.net 367 peat #irssi *!*@173-228-80-252.dsl.static.sonic.net barjavel.freenode.net 1328876354
>> :barjavel.freenode.net 368 peat #irssi :End of Channel Ban List
>> :DarwinSurvivor!~DarwinSur@S0106687f74a1273d.vs.shawcable.net PRIVMSG #irssi :hmm, good idea
>> :barjavel.freenode.net PONG barjavel.freenode.net :barjavel.freenode.net
>> :boozu!~boozu@c-24-21-49-222.hsd1.or.comcast.net JOIN #tanuki
>> :DarwinSurvivor!~DarwinSur@S0106687f74a1273d.vs.shawcable.net PRIVMSG #irssi :running irssi without tmux made no difference
>> :barjavel.freenode.net PONG barjavel.freenode.net :barjavel.freenode.net
>> :q_a_z_st1ve!~q_a_z_ste@c-174-52-197-40.hsd1.ut.comcast.net JOIN #irssi
>> :austinh!~austin@c-24-21-49-222.hsd1.or.comcast.net PRIVMSG #tanuki :He's going to tell you Janis' last Tweet shortly (b/c I was too lazy to fetch it beforehand).
>> :austinh!~austin@c-24-21-49-222.hsd1.or.comcast.net PRIVMSG #tanuki :I need to make that part of the startup.
>> :barjavel.freenode.net PONG barjavel.freenode.net :barjavel.freenode.net
>> :AntiSpamMeta!~MetaBot@AntiSpamMeta/. JOIN #irssi
>> :boozu!~boozu@c-24-21-49-222.hsd1.or.comcast.net PRIVMSG #tanuki :Tanukipdx: "Holy shit! Gary Coleman really *is* dead! How did I miss that?!" [Mon Mar 26 16:11:38 +0000 2012] https://twitter.com/#!/Tanukipdx/status/184311656975831040
>> :bfoote!~bfoote@c-50-137-42-130.hsd1.or.comcast.net JOIN #pdxWebDev
>> :barjavel.freenode.net PONG barjavel.freenode.net :barjavel.freenode.net
>> :Kays!Kays@unaffiliated/kays PRIVMSG #irssi :peat: /rawlog
>> :c0sco!~matts@phjeer.us PRIVMSG #tanuki :you get the logging working peat?
>> :f3ck4r!~darkstar@gateway/tor-sasl/f3ck4r JOIN #irssi
>> :barjavel.freenode.net PONG barjavel.freenode.net :barjavel.freenode.net
>> :DarwinSurvivor!~DarwinSur@S0106687f74a1273d.vs.shawcable.net PRIVMSG #irssi :for comparison: my end=http://pastebin.com/9JVs5WVk other end=http://i.imgur.com/8N1cN.png
>> :c0sco!~matts@phjeer.us PRIVMSG #tanuki :oh you want the raw irc stuff?
>> :barjavel.freenode.net PONG barjavel.freenode.net :barjavel.freenode.net
>> :c0sco!~matts@phjeer.us PRIVMSG #tanuki :i think if you set the autolog level to ALL in the config it might do it
>> :peat!~peat@peat.org PART #irssi
>> :donpdonp!~donp@unaffiliated/donpdonp PRIVMSG #pdxWebDev :the youtube commenter is the bottom of the internet food chain
>> :c0sco!~matts@phjeer.us PRIVMSG #tanuki :not sure though, i never want the raw stuff
>> :barjavel.freenode.net PONG barjavel.freenode.net :barjavel.freenode.net
>> :c0sco!~matts@phjeer.us PRIVMSG #tanuki :k cool
>> :heathy!~heathy@cheezypoofs.phjeer.me PRIVMSG #tanuki :narf
>> :c0sco!~matts@phjeer.us PRIVMSG #tanuki :oh are you writing a bot or something?
>> :c0sco!~matts@phjeer.us PRIVMSG #tanuki :the rfc is actually pretty readable for that
>> :c0sco!~matts@phjeer.us PRIVMSG #tanuki :or just telnet in to the irc server and remember to PONG
>> :c0sco!~matts@phjeer.us PRIVMSG #tanuki :heh
>> :barjavel.freenode.net PONG barjavel.freenode.net :barjavel.freenode.net
>> :c0sco!~matts@phjeer.us PRIVMSG #tanuki :gotcha
>> :c0sco!~matts@phjeer.us PRIVMSG #tanuki :i think i have some irc-hybrid services i wrote in perl like a decade ago which might have some random test data if you need a bunch
>> :c0sco!~matts@phjeer.us PRIVMSG #tanuki :of course i'd have to find it
>> :barjavel.freenode.net PONG barjavel.freenode.net :barjavel.freenode.net
>> :c0sco!~matts@phjeer.us PRIVMSG #tanuki :which for me and old work is always interesting heh
>> :c0sco!~matts@phjeer.us PRIVMSG #tanuki :but if i come across it i'll let you know
>> :c0sco!~matts@phjeer.us PRIVMSG peat :heyo
>> :barjavel.freenode.net PONG barjavel.freenode.net :barjavel.freenode.net
>> :c0sco!~matts@phjeer.us PRIVMSG #tanuki :np
>> :austinh!~austin@c-24-21-49-222.hsd1.or.comcast.net PRIVMSG #tanuki :Well I gave up on #lisp. Nobody actually talks about Lisp anymore--at least, not in any interesting way.
>> :barjavel.freenode.net PONG barjavel.freenode.net :barjavel.freenode.net
>> :austinh!~austin@c-24-21-49-222.hsd1.or.comcast.net PRIVMSG #tanuki :And what they do talk about drives me up the fucking wall.
>> :barjavel.freenode.net PONG barjavel.freenode.net :barjavel.freenode.net
>> :bfoote!~bfoote@c-50-137-42-130.hsd1.or.comcast.net QUIT :Remote host closed the connection
>> :c0sco!~matts@phjeer.us PRIVMSG #tanuki :haha
>> :bfoote!~bfoote@c-50-137-42-130.hsd1.or.comcast.net JOIN #pdxWebDev
>> :austinh!~austin@c-24-21-49-222.hsd1.or.comcast.net PRIVMSG #tanuki :It used to be great, when there were some very knowledgeable folks who shut down the inanity with impudence.
>> :barjavel.freenode.net PONG barjavel.freenode.net :barjavel.freenode.net
>> :austinh!~austin@c-24-21-49-222.hsd1.or.comcast.net PRIVMSG #tanuki :But most of those people moved on and now it's just some chatty morons.
>> :austinh!~austin@c-24-21-49-222.hsd1.or.comcast.net PRIVMSG #tanuki :I know. I wondered if they started another channel, but I don't think that's it.
>> :barjavel.freenode.net PONG barjavel.freenode.net :barjavel.freenode.net
>> :bfoote!~bfoote@c-50-137-42-130.hsd1.or.comcast.net QUIT :Remote host closed the connection
>> :austinh!~austin@c-24-21-49-222.hsd1.or.comcast.net PRIVMSG #tanuki :I think several of them took new jobs where they can't be on IRC, or something like that.
>> :austinh!~austin@c-24-21-49-222.hsd1.or.comcast.net PRIVMSG #tanuki :But I think the rest just got tired of it, and tired of policing it, like me.
>> :austinh!~austin@c-24-21-49-222.hsd1.or.comcast.net PRIVMSG #tanuki :I stayed at the party too late.
>> :barjavel.freenode.net PONG barjavel.freenode.net :barjavel.freenode.net
>> :austinh!~austin@c-24-21-49-222.hsd1.or.comcast.net PRIVMSG #tanuki :thanks
>> :austinh!~austin@c-24-21-49-222.hsd1.or.comcast.net PRIVMSG #tanuki :I'm really ready to move on from Lisp (and that's a shitty feeling right now).
>> :barjavel.freenode.net PONG barjavel.freenode.net :barjavel.freenode.net
>> :barjavel.freenode.net PONG barjavel.freenode.net :barjavel.freenode.net
>> :samkeen!~samkeen@c-76-115-57-4.hsd1.or.comcast.net JOIN #pdxWebDev
>> :austinh!~austin@c-24-21-49-222.hsd1.or.comcast.net PRIVMSG #tanuki :No, I think that's it. There are a few companies using Lisp, but it has too be about as small and as stagnant as it gets.
>> :kyledrake!~kyledrake@50-76-99-110-static.hfc.comcastbusiness.net QUIT :Remote host closed the connection
>> :c0sco!~matts@phjeer.us PRIVMSG #tanuki :it's never a bad idea to have a backup anyway
>> :c0sco!~matts@phjeer.us PRIVMSG #tanuki :you can move into something else without completely giving up lisp
>> :austinh!~austin@c-24-21-49-222.hsd1.or.comcast.net PRIVMSG #tanuki :Well, the shitty thing is that I don't want to keep doing this project in Lisp.
>> :barjavel.freenode.net PONG barjavel.freenode.net :barjavel.freenode.net
>> :c0sco!~matts@phjeer.us PRIVMSG #tanuki :it might not be ideal, but you can do different pieces in something else maybe
>> :c0sco!~matts@phjeer.us PRIVMSG #tanuki :might be less efficient, but you'll get where you want to be faster
>> :austinh!~austin@c-24-21-49-222.hsd1.or.comcast.net PRIVMSG #tanuki :I'm just annoyed right now b/c my IDE isn't handling my threading bugs very well.
>> :austinh!~austin@c-24-21-49-222.hsd1.or.comcast.net PRIVMSG #tanuki :c0sco: Yeah, that's what I'm hoping.
>> :barjavel.freenode.net PONG barjavel.freenode.net :barjavel.freenode.net
>> :c0sco!~matts@phjeer.us PRIVMSG #tanuki :you can always claim additional robustness and security through heterogeneity
>> :barjavel.freenode.net 367 peat #irssi blithe!*@* barjavel.freenode.net 1328876354
>> :barjavel.freenode.net 367 peat #irssi *!*dan@155.229.22.* barjavel.freenode.net 1328876354
>> :barjavel.freenode.net 367 peat #irssi *!*assbag@unaffiliated/fellini barjavel.freenode.net 1328876354
>> :barjavel.freenode.net 367 peat #irssi *!*frozenfi@unaffiliated/nathan7 barjavel.freenode.net 1328876354
>> :barjavel.freenode.net 367 peat #irssi *!*denmark@117.96.69.* barjavel.freenode.net 1328876354
>> :barjavel.freenode.net 367 peat #irssi *!*h@*.lyfe.nig.gs barjavel.freenode.net 1328876354
>> :barjavel.freenode.net 367 peat #irssi *!*@BSN-176-138-210.dial-up.dsl.siol.net barjavel.freenode.net 1328876354
>> :barjavel.freenode.net 367 peat #irssi *!*DrgdHmstr@*.nwrknj.east.verizon.net barjavel.freenode.net 1328876354
>> :barjavel.freenode.net 367 peat #irssi *!*FloatingC@94.233.209.* barjavel.freenode.net 1328876354
>> :barjavel.freenode.net 367 peat #irssi *!pipa@*.threembb.co.uk barjavel.freenode.net 1328876354
>> :barjavel.freenode.net 367 peat #irssi *!~jim@203.74.245.164 barjavel.freenode.net 1328876354
>> :barjavel.freenode.net 367 peat #irssi CiRlE!*cirle@169.246.18.95.dynamic.jazztel.es barjavel.freenode.net 1328876354
>> :barjavel.freenode.net 367 peat #irssi *!*5b87a963@*.91.135.169.99 barjavel.freenode.net 1328876354
>> :barjavel.freenode.net 367 peat #irssi *!*@35.246.18.95.dynamic.jazztel.es barjavel.freenode.net 1328876354
>> :barjavel.freenode.net 367 peat #irssi CiRlE!*cirle@*.dynamic.jazztel.es barjavel.freenode.net 1328876354
>> :barjavel.freenode.net 367 peat #irssi *!*hyd@*.nationalcablenetworks.ru barjavel.freenode.net 1328876354
>> :barjavel.freenode.net 367 peat #irssi *!*@173-228-80-252.dsl.static.sonic.net barjavel.freenode.net 1328876354
>> :barjavel.freenode.net 368 peat #irssi :End of Channel Ban List
>> :DarwinSurvivor!~DarwinSur@S0106687f74a1273d.vs.shawcable.net PRIVMSG #irssi :hmm, good idea
>> :barjavel.freenode.net PONG barjavel.freenode.net :barjavel.freenode.net
>> :boozu!~boozu@c-24-21-49-222.hsd1.or.comcast.net JOIN #tanuki
>> :DarwinSurvivor!~DarwinSur@S0106687f74a1273d.vs.shawcable.net PRIVMSG #irssi :running irssi without tmux made no difference
>> :barjavel.freenode.net PONG barjavel.freenode.net :barjavel.freenode.net
>> :q_a_z_st1ve!~q_a_z_ste@c-174-52-197-40.hsd1.ut.comcast.net JOIN #irssi
>> :austinh!~austin@c-24-21-49-222.hsd1.or.comcast.net PRIVMSG #tanuki :He's going to tell you Janis' last Tweet shortly (b/c I was too lazy to fetch it beforehand).
>> :austinh!~austin@c-24-21-49-222.hsd1.or.comcast.net PRIVMSG #tanuki :I need to make that part of the startup.
>> :barjavel.freenode.net PONG barjavel.freenode.net :barjavel.freenode.net
>> :AntiSpamMeta!~MetaBot@AntiSpamMeta/. JOIN #irssi
>> :boozu!~boozu@c-24-21-49-222.hsd1.or.comcast.net PRIVMSG #tanuki :Tanukipdx: "Holy shit! Gary Coleman really *is* dead! How did I miss that?!" [Mon Mar 26 16:11:38 +0000 2012] https://twitter.com/#!/Tanukipdx/status/184311656975831040
>> :bfoote!~bfoote@c-50-137-42-130.hsd1.or.comcast.net JOIN #pdxWebDev
>> :barjavel.freenode.net PONG barjavel.freenode.net :barjavel.freenode.net
>> :Kays!Kays@unaffiliated/kays PRIVMSG #irssi :peat: /rawlog
>> :c0sco!~matts@phjeer.us PRIVMSG #tanuki :you get the logging working peat?
>> :f3ck4r!~darkstar@gateway/tor-sasl/f3ck4r JOIN #irssi
>> :barjavel.freenode.net PONG barjavel.freenode.net :barjavel.freenode.net
>> :DarwinSurvivor!~DarwinSur@S0106687f74a1273d.vs.shawcable.net PRIVMSG #irssi :for comparison: my end=http://pastebin.com/9JVs5WVk other end=http://i.imgur.com/8N1cN.png
>> :c0sco!~matts@phjeer.us PRIVMSG #tanuki :oh you want the raw irc stuff?
>> :barjavel.freenode.net PONG barjavel.freenode.net :barjavel.freenode.net
>> :c0sco!~matts@phjeer.us PRIVMSG #tanuki :i think if you set the autolog level to ALL in the config it might do it
>> :peat!~peat@peat.org PART #irssi
>> :donpdonp!~donp@unaffiliated/donpdonp PRIVMSG #pdxWebDev :the youtube commenter is the bottom of the internet food chain
>> :c0sco!~matts@phjeer.us PRIVMSG #tanuki :not sure though, i never want the raw stuff
>> :barjavel.freenode.net PONG barjavel.freenode.net :barjavel.freenode.net
>> :c0sco!~matts@phjeer.us PRIVMSG #tanuki :k cool
>> :heathy!~heathy@cheezypoofs.phjeer.me PRIVMSG #tanuki :narf
>> :c0sco!~matts@phjeer.us PRIVMSG #tanuki :oh are you writing a bot or something?
>> :c0sco!~matts@phjeer.us PRIVMSG #tanuki :the rfc is actually pretty readable for that
>> :c0sco!~matts@phjeer.us PRIVMSG #tanuki :or just telnet in to the irc server and remember to PONG
>> :c0sco!~matts@phjeer.us PRIVMSG #tanuki :heh
>> :barjavel.freenode.net PONG barjavel.freenode.net :barjavel.freenode.net
>> :c0sco!~matts@phjeer.us PRIVMSG #tanuki :gotcha
>> :c0sco!~matts@phjeer.us PRIVMSG #tanuki :i think i have some irc-hybrid services i wrote in perl like a decade ago which might have some random test data if you need a bunch
>> :c0sco!~matts@phjeer.us PRIVMSG #tanuki :of course i'd have to find it
>> :barjavel.freenode.net PONG barjavel.freenode.net :barjavel.freenode.net
>> :c0sco!~matts@phjeer.us PRIVMSG #tanuki :which for me and old work is always interesting heh
>> :c0sco!~matts@phjeer.us PRIVMSG #tanuki :but if i come across it i'll let you know
>> :c0sco!~matts@phjeer.us PRIVMSG peat :heyo
>> :barjavel.freenode.net PONG barjavel.freenode.net :barjavel.freenode.net
>> :c0sco!~matts@phjeer.us PRIVMSG #tanuki :np
>> :austinh!~austin@c-24-21-49-222.hsd1.or.comcast.net PRIVMSG #tanuki :Well I gave up on #lisp. Nobody actually talks about Lisp anymore--at least, not in any interesting way.
>> :barjavel.freenode.net PONG barjavel.freenode.net :barjavel.freenode.net
>> :austinh!~austin@c-24-21-49-222.hsd1.or.comcast.net PRIVMSG #tanuki :And what they do talk about drives me up the fucking wall.
>> :barjavel.freenode.net PONG barjavel.freenode.net :barjavel.freenode.net
>> :bfoote!~bfoote@c-50-137-42-130.hsd1.or.comcast.net QUIT :Remote host closed the connection
>> :c0sco!~matts@phjeer.us PRIVMSG #tanuki :haha
>> :bfoote!~bfoote@c-50-137-42-130.hsd1.or.comcast.net JOIN #pdxWebDev
>> :austinh!~austin@c-24-21-49-222.hsd1.or.comcast.net PRIVMSG #tanuki :It used to be great, when there were some very knowledgeable folks who shut down the inanity with impudence.
>> :barjavel.freenode.net PONG barjavel.freenode.net :barjavel.freenode.net
>> :austinh!~austin@c-24-21-49-222.hsd1.or.comcast.net PRIVMSG #tanuki :But most of those people moved on and now it's just some chatty morons.
>> :austinh!~austin@c-24-21-49-222.hsd1.or.comcast.net PRIVMSG #tanuki :I know. I wondered if they started another channel, but I don't think that's it.
>> :barjavel.freenode.net PONG barjavel.freenode.net :barjavel.freenode.net
>> :bfoote!~bfoote@c-50-137-42-130.hsd1.or.comcast.net QUIT :Remote host closed the connection
>> :austinh!~austin@c-24-21-49-222.hsd1.or.comcast.net PRIVMSG #tanuki :I think several of them took new jobs where they can't be on IRC, or something like that.
>> :austinh!~austin@c-24-21-49-222.hsd1.or.comcast.net PRIVMSG #tanuki :But I think the rest just got tired of it, and tired of policing it, like me.
>> :austinh!~austin@c-24-21-49-222.hsd1.or.comcast.net PRIVMSG #tanuki :I stayed at the party too late.
>> :barjavel.freenode.net PONG barjavel.freenode.net :barjavel.freenode.net
>> :austinh!~austin@c-24-21-49-222.hsd1.or.comcast.net PRIVMSG #tanuki :thanks
>> :austinh!~austin@c-24-21-49-222.hsd1.or.comcast.net PRIVMSG #tanuki :I'm really ready to move on from Lisp (and that's a shitty feeling right now).
>> :barjavel.freenode.net PONG barjavel.freenode.net :barjavel.freenode.net
>> :barjavel.freenode.net PONG barjavel.freenode.net :barjavel.freenode.net
>> :samkeen!~samkeen@c-76-115-57-4.hsd1.or.comcast.net JOIN #pdxWebDev
>> :austinh!~austin@c-24-21-49-222.hsd1.or.comcast.net PRIVMSG #tanuki :No, I think that's it. There are a few companies using Lisp, but it has too be about as small and as stagnant as it gets.
>> :kyledrake!~kyledrake@50-76-99-110-static.hfc.comcastbusiness.net QUIT :Remote host closed the connection
>> :c0sco!~matts@phjeer.us PRIVMSG #tanuki :it's never a bad idea to have a backup anyway
>> :c0sco!~matts@phjeer.us PRIVMSG #tanuki :you can move into something else without completely giving up lisp
>> :austinh!~austin@c-24-21-49-222.hsd1.or.comcast.net PRIVMSG #tanuki :Well, the shitty thing is that I don't want to keep doing this project in Lisp.
>> :barjavel.freenode.net PONG barjavel.freenode.net :barjavel.freenode.net
>> :c0sco!~matts@phjeer.us PRIVMSG #tanuki :it might not be ideal, but you can do different pieces in something else maybe
>> :c0sco!~matts@phjeer.us PRIVMSG #tanuki :might be less efficient, but you'll get where you want to be faster
>> :austinh!~austin@c-24-21-49-222.hsd1.or.comcast.net PRIVMSG #tanuki :I'm just annoyed right now b/c my IDE isn't handling my threading bugs very well.
>> :austinh!~austin@c-24-21-49-222.hsd1.or.comcast.net PRIVMSG #tanuki :c0sco: Yeah, that's what I'm hoping.
>> :barjavel.freenode.net PONG barjavel.freenode.net :barjavel.freenode.net
>> :c0sco!~matts@phjeer.us PRIVMSG #tanuki :you can always claim additional robustness and security through heterogeneity
>> :bfoote!~bfoote@c-50-137-42-130.hsd1.or.comcast.net JOIN #pdxWebDev
>> :c0sco!~matts@phjeer.us PRIVMSG #tanuki :you don't need to escape i don't believe
>> :barjavel.freenode.net PONG barjavel.freenode.net :barjavel.freenode.net
>> :c0sco!~matts@phjeer.us PRIVMSG #tanuki :i wish i could find my old irc regexs
>> :c0sco!~matts@phjeer.us PRIVMSG #tanuki :it's been so long, i bet it's sitting on that sun pizza box that used to be the irc server
>> :c0sco!~matts@phjeer.us PRIVMSG #tanuki :and who knows where that is
>> :barjavel.freenode.net PONG barjavel.freenode.net :barjavel.freenode.net
>> :c0sco!~matts@phjeer.us PRIVMSG #tanuki :why :hello thar
>> :c0sco!~matts@phjeer.us PRIVMSG #tanuki ::testy testing
